[Mon, 27 Oct 2014 12:03:37 +0000] (W)Warning; The URL rewrite engine is disabled. Subpath-based storefront URLs will not work
[Mon, 27 Oct 2014 12:10:09 +0000] (W)Warning; The URL rewrite engine is disabled. Subpath-based storefront URLs will not work
[Mon, 27 Oct 2014 12:10:09 +0000] (N); Creating database scheme
[Mon, 27 Oct 2014 12:10:10 +0000] (N); Importing data
[Mon, 27 Oct 2014 12:10:11 +0000] (N); Creating demo
[Mon, 27 Oct 2014 12:10:11 +0000] (N); Installing additional language en
[Mon, 27 Oct 2014 12:10:12 +0000] (N); Installing additional language en
[Mon, 27 Oct 2014 12:10:14 +0000] (N); access_restrictions add-on installed
[Mon, 27 Oct 2014 12:10:14 +0000] (N); attachments add-on installed
[Mon, 27 Oct 2014 12:10:14 +0000] (N); banners add-on installed
[Mon, 27 Oct 2014 12:10:14 +0000] (N); barcode add-on installed
[Mon, 27 Oct 2014 12:10:14 +0000] (N); bestsellers add-on installed
[Mon, 27 Oct 2014 12:10:14 +0000] (N); buy_together add-on installed
[Mon, 27 Oct 2014 12:10:15 +0000] (N); call_requests add-on installed
[Mon, 27 Oct 2014 12:10:15 +0000] (N); catalog_mode add-on installed
[Mon, 27 Oct 2014 12:10:15 +0000] (N); customers_also_bought add-on installed
[Mon, 27 Oct 2014 12:10:15 +0000] (N); data_feeds add-on installed
[Mon, 27 Oct 2014 12:10:15 +0000] (N); discussion add-on installed
[Mon, 27 Oct 2014 12:10:15 +0000] (N); email_marketing add-on installed
[Mon, 27 Oct 2014 12:10:15 +0000] (N); form_builder add-on installed
[Mon, 27 Oct 2014 12:10:15 +0000] (N); gift_certificates add-on installed
[Mon, 27 Oct 2014 12:10:15 +0000] (N); google_analytics add-on installed
[Mon, 27 Oct 2014 12:10:16 +0000] (N); google_sitemap add-on installed
[Mon, 27 Oct 2014 12:10:16 +0000] (N); help_tutorial add-on installed
[Mon, 27 Oct 2014 12:10:16 +0000] (N); hidpi add-on installed
[Mon, 27 Oct 2014 12:10:16 +0000] (N); hybrid_auth add-on installed
[Mon, 27 Oct 2014 12:10:16 +0000] (N); image_zoom add-on installed
[Mon, 27 Oct 2014 12:10:16 +0000] (N); janrain add-on installed
[Mon, 27 Oct 2014 12:10:16 +0000] (N); my_changes add-on installed
[Mon, 27 Oct 2014 12:10:16 +0000] (N); news_and_emails add-on installed
[Mon, 27 Oct 2014 12:10:16 +0000] (N); polls add-on installed
[Mon, 27 Oct 2014 12:10:16 +0000] (N); price_list add-on installed
[Mon, 27 Oct 2014 12:10:16 +0000] (N); required_products add-on installed
[Mon, 27 Oct 2014 12:10:16 +0000] (N); reward_points add-on installed
[Mon, 27 Oct 2014 12:10:16 +0000] (N); rma add-on installed
[Mon, 27 Oct 2014 12:10:16 +0000] (N); rss_feed add-on installed
[Mon, 27 Oct 2014 12:10:17 +0000] (N); seo add-on installed
[Mon, 27 Oct 2014 12:10:17 +0000] (N); social_buttons add-on installed
[Mon, 27 Oct 2014 12:10:17 +0000] (N); store_locator add-on installed
[Mon, 27 Oct 2014 12:10:17 +0000] (N); tags add-on installed
[Mon, 27 Oct 2014 12:10:18 +0000] (N); twigmo add-on installed
[Mon, 27 Oct 2014 12:10:18 +0000] (N); watermarks add-on installed
[Mon, 27 Oct 2014 12:10:18 +0000] (N); wishlist add-on installed
